<?xml version="1.0" encoding="UTF-8" ?>
<testsuite tests="1" failures="0" name="com.qa.test.LoginTest" time="0.006" errors="0" skipped="0">
  <properties>
    <property name="java.vendor" value="Oracle Corporation"/>
    <property name="JOB_NAME" value="MavenPro1"/>
    <property name="RUN_TESTS_DISPLAY_URL" value="http://localhost:8080/job/MavenPro1/3/display/redirect?page=tests"/>
    <property name="sun.java.launcher" value="SUN_STANDARD"/>
    <property name="NUMBER_OF_PROCESSORS" value="8"/>
    <property name="sun.management.compiler" value="HotSpot 64-Bit Tiered Compilers"/>
    <property name="JENKINS_HOME" value="C:\Users\santoshk\.jenkins"/>
    <property name="HUDSON_SERVER_COOKIE" value="a12af7adbb21e740"/>
    <property name="POM_ARTIFACTID" value="DemoGITRepo"/>
    <property name="os.name" value="Windows 10"/>
    <property name="sun.boot.class.path" value="C:\Java\Jdk8_291\jre\lib\resources.jar;C:\Java\Jdk8_291\jre\lib\rt.jar;C:\Java\Jdk8_291\jre\lib\sunrsasign.jar;C:\Java\Jdk8_291\jre\lib\jsse.jar;C:\Java\Jdk8_291\jre\lib\jce.jar;C:\Java\Jdk8_291\jre\lib\charsets.jar;C:\Java\Jdk8_291\jre\lib\jfr.jar;C:\Java\Jdk8_291\jre\classes"/>
    <property name="EXECUTOR_NUMBER" value="0"/>
    <property name="sun.desktop" value="windows"/>
    <property name="PATHEXT" value=".COM;.EXE;.BAT;.CMD;.VBS;.VBE;.JS;.JSE;.WSF;.WSH;.MSC"/>
    <property name="java.vm.specification.vendor" value="Oracle Corporation"/>
    <property name="POM_DISPLAYNAME" value="DemoGITRepo"/>
    <property name="NODE_LABELS" value="master"/>
    <property name="TEMP" value="C:\Users\santoshk\AppData\Local\Temp"/>
    <property name="java.runtime.version" value="1.8.0_291-b10"/>
    <property name="user.name" value="santoshk"/>
    <property name="guice.disable.misplaced.annotation.check" value="true"/>
    <property name="CommonProgramW6432" value="C:\Program Files\Common Files"/>
    <property name="ProgramFiles" value="C:\Program Files"/>
    <property name="PROMPT" value="$P$G"/>
    <property name="user.language" value="en"/>
    <property name="JOB_BASE_NAME" value="MavenPro1"/>
    <property name="RUN_CHANGES_DISPLAY_URL" value="http://localhost:8080/job/MavenPro1/3/display/redirect?page=changes"/>
    <property name="BUILD_DISPLAY_NAME" value="#3"/>
    <property name="OneDrive" value="C:\Users\santoshk\OneDrive"/>
    <property name="sun.boot.library.path" value="C:\Java\Jdk8_291\jre\bin"/>
    <property name="LOCALAPPDATA" value="C:\Users\santoshk\AppData\Local"/>
    <property name="java.version" value="1.8.0_291"/>
    <property name="PROCESSOR_LEVEL" value="6"/>
    <property name="user.timezone" value="Asia/Calcutta"/>
    <property name="USERNAME" value="santoshk"/>
    <property name="sun.arch.data.model" value="64"/>
    <property name="NODE_NAME" value="master"/>
    <property name="OneDriveConsumer" value="C:\Users\santoshk\OneDrive"/>
    <property name="java.endorsed.dirs" value="C:\Java\Jdk8_291\jre\lib\endorsed"/>
    <property name="BUILD_ID" value="3"/>
    <property name="sun.cpu.isalist" value="amd64"/>
    <property name="sun.jnu.encoding" value="Cp1252"/>
    <property name="file.encoding.pkg" value="sun.io"/>
    <property name="file.separator" value="\"/>
    <property name="java.specification.name" value="Java Platform API Specification"/>
    <property name="HOMEDRIVE" value="C:"/>
    <property name="maven.conf" value="C:\Users\santoshk\.jenkins\tools\hudson.tasks.Maven_MavenInstallation\testMaven\conf"/>
    <property name="java.class.version" value="52.0"/>
    <property name="=::" value="::\"/>
    <property name="org.slf4j.simpleLogger.defaultLogLevel" value="info"/>
    <property name="user.country" value="IN"/>
    <property name="ALLUSERSPROFILE" value="C:\ProgramData"/>
    <property name="java.home" value="C:\Java\Jdk8_291\jre"/>
    <property name="java.vm.info" value="mixed mode"/>
    <property name="os.version" value="10.0"/>
    <property name="=ExitCode" value="00000082"/>
    <property name="RUN_DISPLAY_URL" value="http://localhost:8080/job/MavenPro1/3/display/redirect"/>
    <property name="POM_VERSION" value="0.0.1-SNAPSHOT"/>
    <property name="TMP" value="C:\Users\santoshk\AppData\Local\Temp"/>
    <property name="RUN_ARTIFACTS_DISPLAY_URL" value="http://localhost:8080/job/MavenPro1/3/display/redirect?page=artifacts"/>
    <property name="path.separator" value=";"/>
    <property name="java.vm.version" value="25.291-b10"/>
    <property name="GROOVY_HOME" value="C:\Program Files (x86)\Groovy\"/>
    <property name="user.variant" value=""/>
    <property name="JOB_DISPLAY_URL" value="http://localhost:8080/job/MavenPro1/display/redirect"/>
    <property name="CommonProgramFiles(x86)" value="C:\Program Files (x86)\Common Files"/>
    <property name="USERDOMAIN_ROAMINGPROFILE" value="DESKTOP-OB2QQB5"/>
    <property name="java.awt.printerjob" value="sun.awt.windows.WPrinterJob"/>
    <property name="JAVA_HOME" value="C:\Java\Jdk8_291"/>
    <property name="sun.io.unicode.encoding" value="UnicodeLittle"/>
    <property name="CommonProgramFiles" value="C:\Program Files\Common Files"/>
    <property name="ComSpec" value="C:\Windows\system32\cmd.exe"/>
    <property name="awt.toolkit" value="sun.awt.windows.WToolkit"/>
    <property name="HOMEPATH" value="\Users\santoshk"/>
    <property name="POM_PACKAGING" value="jar"/>
    <property name="user.script" value=""/>
    <property name="COMPUTERNAME" value="DESKTOP-OB2QQB5"/>
    <property name="POM_GROUPID" value="DemoGITRepo"/>
    <property name="user.home" value="C:\Users\santoshk"/>
    <property name="PUBLIC" value="C:\Users\Public"/>
    <property name="BUILD_TAG" value="jenkins-MavenPro1-3"/>
    <property name="JENKINS_SERVER_COOKIE" value="a12af7adbb21e740"/>
    <property name="HUDSON_URL" value="http://localhost:8080/"/>
    <property name="ProgramData" value="C:\ProgramData"/>
    <property name="java.specification.vendor" value="Oracle Corporation"/>
    <property name="USERPROFILE" value="C:\Users\santoshk"/>
    <property name="CLASSPATH" value=""/>
    <property name="java.vendor.url" value="http://java.oracle.com/"/>
    <property name="java.library.path" value="C:\Java\Jdk8_291\bin;C:\Windows\Sun\Java\bin;C:\Windows\system32;C:\Windows;C:\Users\santoshk\.jenkins\tools\hudson.tasks.Maven_MavenInstallation\testMaven/bin;C:\Java\Jdk8_291\bin;C:\Program Files (x86)\Common Files\Oracle\Java\javapath;C:\Windows\system32;C:\Windows;C:\Windows\System32\Wbem;C:\Windows\System32\WindowsPowerShell\v1.0\;C:\Windows\System32\OpenSSH\;C:\Program Files (x86)\Groovy\bin;C:\Program Files\Git\cmd;C:\Program Files\PuTTY\;C:\Users\santoshk\AppData\Local\Microsoft\WindowsApps;;C:\Users\santoshk\AppData\Local\Programs\Microsoft VS Code\bin;."/>
    <property name="java.vm.vendor" value="Oracle Corporation"/>
    <property name="APPDATA" value="C:\Users\santoshk\AppData\Roaming"/>
    <property name="ZES_ENABLE_SYSMAN" value="1"/>
    <property name="java.runtime.name" value="Java(TM) SE Runtime Environment"/>
    <property name="maven.home" value="C:\Users\santoshk\.jenkins\tools\hudson.tasks.Maven_MavenInstallation\testMaven"/>
    <property name="java.class.path" value="C:\Users\santoshk\.jenkins\plugins\maven-plugin\WEB-INF\lib\maven35-agent-1.13.jar;C:\Users\santoshk\.jenkins\tools\hudson.tasks.Maven_MavenInstallation\testMaven\boot\plexus-classworlds-2.6.0.jar;C:\Users\santoshk\.jenkins\tools\hudson.tasks.Maven_MavenInstallation\testMaven/conf/logging"/>
    <property name="sun.java.command" value="jenkins.maven3.agent.Maven35Main C:\Users\santoshk\.jenkins\tools\hudson.tasks.Maven_MavenInstallation\testMaven C:\Users\santoshk\.jenkins\war\WEB-INF\lib\remoting-4.9.jar C:\Users\santoshk\.jenkins\plugins\maven-plugin\WEB-INF\lib\maven35-interceptor-1.13.jar C:\Users\santoshk\.jenkins\plugins\maven-plugin\WEB-INF\lib\maven3-interceptor-commons-1.13.jar 65008"/>
    <property name="Path" value="C:\Java\Jdk8_291\bin;C:\Program Files (x86)\Common Files\Oracle\Java\javapath;C:\Windows\system32;C:\Windows;C:\Windows\System32\Wbem;C:\Windows\System32\WindowsPowerShell\v1.0\;C:\Windows\System32\OpenSSH\;C:\Program Files (x86)\Groovy\bin;C:\Program Files\Git\cmd;C:\Program Files\PuTTY\;C:\Users\santoshk\AppData\Local\Microsoft\WindowsApps;;C:\Users\santoshk\AppData\Local\Programs\Microsoft VS Code\bin"/>
    <property name="java.vm.specification.name" value="Java Virtual Machine Specification"/>
    <property name="PROCESSOR_ARCHITECTURE" value="AMD64"/>
    <property name="PROCESSOR_IDENTIFIER" value="Intel64 Family 6 Model 142 Stepping 12, GenuineIntel"/>
    <property name="SESSIONNAME" value="Console"/>
    <property name="java.vm.specification.version" value="1.8"/>
    <property name="sun.os.patch.level" value=""/>
    <property name="sun.cpu.endian" value="little"/>
    <property name="M2_HOME" value="C:\Users\santoshk\.jenkins\tools\hudson.tasks.Maven_MavenInstallation\testMaven"/>
    <property name="=D:" value="D:\Interv"/>
    <property name="java.io.tmpdir" value="C:\Users\santoshk\AppData\Local\Temp\"/>
    <property name="CI" value="true"/>
    <property name="OS" value="Windows_NT"/>
    <property name="HUDSON_HOME" value="C:\Users\santoshk\.jenkins"/>
    <property name="PATH+MAVEN" value="C:\Users\santoshk\.jenkins\tools\hudson.tasks.Maven_MavenInstallation\testMaven/bin"/>
    <property name="ProgramFiles(x86)" value="C:\Program Files (x86)"/>
    <property name="BUILD_URL" value="http://localhost:8080/job/MavenPro1/3/"/>
    <property name="java.vendor.url.bug" value="http://bugreport.sun.com/bugreport/"/>
    <property name="java.awt.graphicsenv" value="sun.awt.Win32GraphicsEnvironment"/>
    <property name="os.arch" value="amd64"/>
    <property name="SystemRoot" value="C:\Windows"/>
    <property name="java.ext.dirs" value="C:\Java\Jdk8_291\jre\lib\ext;C:\Windows\Sun\Java\lib\ext"/>
    <property name="user.dir" value="D:\EclipseWS\DemoGITRepo"/>
    <property name="JOB_URL" value="http://localhost:8080/job/MavenPro1/"/>
    <property name="LOGONSERVER" value="\\DESKTOP-OB2QQB5"/>
    <property name="USERDOMAIN" value="DESKTOP-OB2QQB5"/>
    <property name="line.separator" value="
"/>
    <property name="MAVEN_HOME" value="C:\Users\santoshk\.jenkins\tools\hudson.tasks.Maven_MavenInstallation\testMaven"/>
    <property name="java.vm.name" value="Java HotSpot(TM) 64-Bit Server VM"/>
    <property name="BUILD_NUMBER" value="3"/>
    <property name="JENKINS_URL" value="http://localhost:8080/"/>
    <property name="PROCESSOR_REVISION" value="8e0c"/>
    <property name="ProgramW6432" value="C:\Program Files"/>
    <property name="windir" value="C:\Windows"/>
    <property name="file.encoding" value="Cp1252"/>
    <property name="SystemDrive" value="C:"/>
    <property name="maven3.interceptor" value="C:\Users\santoshk\.jenkins\plugins\maven-plugin\WEB-INF\lib\maven35-interceptor-1.13.jar"/>
    <property name="WORKSPACE_TMP" value="C:\Users\santoshk\.jenkins\workspace\MavenPro1@tmp"/>
    <property name="WORKSPACE" value="C:\Users\santoshk\.jenkins\workspace\MavenPro1"/>
    <property name="maven3.interceptor.common" value="C:\Users\santoshk\.jenkins\plugins\maven-plugin\WEB-INF\lib\maven3-interceptor-commons-1.13.jar"/>
    <property name="java.specification.version" value="1.8"/>
    <property name="PSModulePath" value="C:\Program Files\WindowsPowerShell\Modules;C:\Windows\system32\WindowsPowerShell\v1.0\Modules"/>
    <property name="DriverData" value="C:\Windows\System32\Drivers\DriverData"/>
  </properties>
  <testcase classname="com.qa.test.LoginTest" name="test1" time="0.006"/>
</testsuite>