<?xml version="1.0" encoding="UTF-8"?>
<!-- Generated by org.testng.reporters.JUnitReportReporter -->
<testsuite skipped="0" hostname="DESKTOP-OB2QQB5" name="com.qa.test.LoginTest" tests="1" failures="0" timestamp="2021-07-08T08:47:43 IST" time="0.005" errors="0">
  <testcase name="test1" time="0.005" classname="com.qa.test.LoginTest"/>
  <system-out/>
</testsuite> <!-- com.qa.test.LoginTest -->
